<?xml version="1.0" encoding="UTF-8"?>
<testsuites name="August Demo" time="76" tests="0" failures="2" errors="0">
   <testsuite name="August Demo" tests="0" failures="2" errors="0" time="76" timestamp="2018-08-27 11:03:12" hostname="greeshmaj - AW168.HQ.MVSINC.COM" id="Test Suites/August Demo">
      <properties>
         <property name="deviceName" value=""/>
         <property name="devicePlatform" value=""/>
         <property name="logFolder" value="C:\\Users\\greeshmaj.MVS_NT\\Katalon Studio\\2FactorLogin\\Reports\\August Demo\\20180827_110310"/>
         <property name="logFiles" value="C:\\Users\\greeshmaj.MVS_NT\\Katalon Studio\\2FactorLogin\\Reports\\August Demo\\20180827_110310\\execution0.log"/>
         <property name="attachments" value="C:\\Users\\greeshmaj.MVS_NT\\Katalon Studio\\2FactorLogin\\Reports\\August Demo\\20180827_110310\\1535382236259.png, C:\\Users\\greeshmaj.MVS_NT\\Katalon Studio\\2FactorLogin\\Reports\\August Demo\\20180827_110310\\1535382267278.png"/>
         <property name="hostName" value="greeshmaj - AW168.HQ.MVSINC.COM"/>
         <property name="os" value="Windows 10 64bit"/>
         <property name="katalonVersion" value="5.6.1.1"/>
         <property name="browser" value="Chrome 68.0.3440.106"/>
         <property name="hostAddress" value="10.0.1.65"/>
         <property name="sessionId" value="ef07a5e892001b956bac912019d59dff"/>
         <property name="seleniumVersion" value="3.7.1"/>
         <property name="proxyInformation" value="ProxyInformation{proxyOption=NO_PROXY, proxyServerType=HTTP, password=, proxyServerAddress=, proxyServerPort=0}"/>
         <property name="platform" value="Windows 10"/>
      </properties>
      <testcase name="Test Cases/EveryPage in PR" classname="Test Cases/EveryPage in PR" status="FAILED">
         <failure type="FAILED" message="Unable to click on object 'Object Repository/Page_Select Client - Payroll Relief/div_QATesting QATesting  - 100' (Root cause: com.kms.katalon.core.webui.exception.WebElementNotFoundException: Web element with id: 'Object Repository/Page_Select Client - Payroll Relief/div_QATesting QATesting  - 100' located by 'By.xpath: //div[@id = 'select2-result-label-9' and (text() = 'QATesting [QATesting]  - 10/02/2018' or . = 'QATesting [QATesting]  - 10/02/2018')]' not found)"/>
         <system-out><![CDATA[2018-08-27 11:03:13 - [TEST_CASE][FAILED] - Test Cases/EveryPage in PR: Test Cases/EveryPage in PR FAILED because (of) Unable to click on object 'Object Repository/Page_Select Client - Payroll Relief/div_QATesting QATesting  - 100' (Root cause: com.kms.katalon.core.webui.exception.WebElementNotFoundException: Web element with id: 'Object Repository/Page_Select Client - Payroll Relief/div_QATesting QATesting  - 100' located by 'By.xpath: //div[@id = 'select2-result-label-9' and (text() = 'QATesting [QATesting]  - 10/02/2018' or . = 'QATesting [QATesting]  - 10/02/2018')]' not found)

2018-08-27 11:03:13 - [TEST_STEP][PASSED] - openBrowser: Browser is opened with url: ''

2018-08-27 11:03:17 - [MESSAGE][PASSED] - Browser is opened with url: ''

2018-08-27 11:03:17 - [TEST_STEP][PASSED] - navigateToUrl: Navigate to 'https://qa-login.accountantsoffice.com/login?firmCode=aworldqa' successfully

2018-08-27 11:03:19 - [MESSAGE][PASSED] - Navigate to 'https://qa-login.accountantsoffice.com/login?firmCode=aworldqa' successfully

2018-08-27 11:03:19 - [TEST_STEP][PASSED] - setText: Text 'greeshmaj' is set on object 'Object Repository/Page_Log in - AccountantsOffice/input_UserName'

2018-08-27 11:03:20 - [MESSAGE][PASSED] - Text 'greeshmaj' is set on object 'Object Repository/Page_Log in - AccountantsOffice/input_UserName'

2018-08-27 11:03:20 - [TEST_STEP][PASSED] - setEncryptedText: Text ****** has been set on object 'Object Repository/Page_Log in - AccountantsOffice/input_Password'

2018-08-27 11:03:20 - [MESSAGE][PASSED] - Text ****** has been set on object 'Object Repository/Page_Log in - AccountantsOffice/input_Password'

2018-08-27 11:03:20 - [TEST_STEP][PASSED] - click: Object: 'Object Repository/Page_Enter verification code - Acco/Submit code button -3' is clicked on

2018-08-27 11:03:26 - [MESSAGE][PASSED] - Object: 'Object Repository/Page_Enter verification code - Acco/Submit code button -3' is clicked on

2018-08-27 11:03:26 - [TEST_STEP][PASSED] - click: Object: 'Object Repository/Page_Welcome Greeshma Johnson - Acc/span_Payroll Relief' is clicked on

2018-08-27 11:03:36 - [MESSAGE][PASSED] - Object: 'Object Repository/Page_Welcome Greeshma Johnson - Acc/span_Payroll Relief' is clicked on

2018-08-27 11:03:36 - [TEST_STEP][PASSED] - click: Object: 'Object Repository/Page_Select Client - Payroll Relief/PR_Enter client code or name' is clicked on

2018-08-27 11:03:38 - [MESSAGE][PASSED] - Object: 'Object Repository/Page_Select Client - Payroll Relief/PR_Enter client code or name' is clicked on

2018-08-27 11:03:38 - [TEST_STEP][FAILED] - click: Unable to click on object 'Object Repository/Page_Select Client - Payroll Relief/div_QATesting QATesting  - 100' (Root cause: com.kms.katalon.core.webui.exception.WebElementNotFoundException: Web element with id: 'Object Repository/Page_Select Client - Payroll Relief/div_QATesting QATesting  - 100' located by 'By.xpath: //div[@id = 'select2-result-label-9' and (text() = 'QATesting [QATesting]  - 10/02/2018' or . = 'QATesting [QATesting]  - 10/02/2018')]' not found)

2018-08-27 11:03:56 - [MESSAGE][FAILED] - Unable to click on object 'Object Repository/Page_Select Client - Payroll Relief/div_QATesting QATesting  - 100' (Root cause: com.kms.katalon.core.webui.exception.WebElementNotFoundException: Web element with id: 'Object Repository/Page_Select Client - Payroll Relief/div_QATesting QATesting  - 100' located by 'By.xpath: //div[@id = 'select2-result-label-9' and (text() = 'QATesting [QATesting]  - 10/02/2018' or . = 'QATesting [QATesting]  - 10/02/2018')]' not found)
[[ATTACHMENT|C:\\Users\\greeshmaj.MVS_NT\\Katalon Studio\\2FactorLogin\\Reports\\August Demo\\20180827_110310\\1535382236259.png]]]]></system-out>
         <system-err><![CDATA[2018-08-27 11:03:13 - [TEST_CASE][FAILED] - Test Cases/EveryPage in PR: Test Cases/EveryPage in PR FAILED because (of) Unable to click on object 'Object Repository/Page_Select Client - Payroll Relief/div_QATesting QATesting  - 100' (Root cause: com.kms.katalon.core.webui.exception.WebElementNotFoundException: Web element with id: 'Object Repository/Page_Select Client - Payroll Relief/div_QATesting QATesting  - 100' located by 'By.xpath: //div[@id = 'select2-result-label-9' and (text() = 'QATesting [QATesting]  - 10/02/2018' or . = 'QATesting [QATesting]  - 10/02/2018')]' not found)]]></system-err>
      </testcase>
      <testcase name="Test Cases/Run Payroll" classname="Test Cases/Run Payroll" status="FAILED">
         <failure type="FAILED" message="Unable to click on object 'Object Repository/Page_Select Client - Payroll Relief/div_QATesting QATesting  - 100' (Root cause: com.kms.katalon.core.webui.exception.WebElementNotFoundException: Web element with id: 'Object Repository/Page_Select Client - Payroll Relief/div_QATesting QATesting  - 100' located by 'By.xpath: //div[@id = 'select2-result-label-9' and (text() = 'QATesting [QATesting]  - 10/02/2018' or . = 'QATesting [QATesting]  - 10/02/2018')]' not found)"/>
         <system-out><![CDATA[2018-08-27 11:03:58 - [TEST_CASE][FAILED] - Test Cases/Run Payroll: Test Cases/Run Payroll FAILED because (of) Unable to click on object 'Object Repository/Page_Select Client - Payroll Relief/div_QATesting QATesting  - 100' (Root cause: com.kms.katalon.core.webui.exception.WebElementNotFoundException: Web element with id: 'Object Repository/Page_Select Client - Payroll Relief/div_QATesting QATesting  - 100' located by 'By.xpath: //div[@id = 'select2-result-label-9' and (text() = 'QATesting [QATesting]  - 10/02/2018' or . = 'QATesting [QATesting]  - 10/02/2018')]' not found)

2018-08-27 11:03:58 - [TEST_STEP][PASSED] - openBrowser: Browser is opened with url: ''

2018-08-27 11:03:58 - [MESSAGE][WARNING] - A browser is already opened. Closing browser and opening a new one

2018-08-27 11:04:01 - [MESSAGE][PASSED] - Browser is opened with url: ''

2018-08-27 11:04:01 - [TEST_STEP][PASSED] - navigateToUrl: Navigate to 'https://qa-login.accountantsoffice.com/login?firmCode=aworldqa' successfully

2018-08-27 11:04:02 - [MESSAGE][PASSED] - Navigate to 'https://qa-login.accountantsoffice.com/login?firmCode=aworldqa' successfully

2018-08-27 11:04:02 - [TEST_STEP][PASSED] - setText: Text 'greeshmaj' is set on object 'Object Repository/Page_Log in - AccountantsOffice/input_UserName'

2018-08-27 11:04:02 - [MESSAGE][PASSED] - Text 'greeshmaj' is set on object 'Object Repository/Page_Log in - AccountantsOffice/input_UserName'

2018-08-27 11:04:02 - [TEST_STEP][PASSED] - setEncryptedText: Text ****** has been set on object 'Object Repository/Page_Log in - AccountantsOffice/input_Password'

2018-08-27 11:04:02 - [MESSAGE][PASSED] - Text ****** has been set on object 'Object Repository/Page_Log in - AccountantsOffice/input_Password'

2018-08-27 11:04:02 - [TEST_STEP][PASSED] - click: Object: 'Object Repository/Page_Enter verification code - Acco/Submit code button -3' is clicked on

2018-08-27 11:04:03 - [MESSAGE][PASSED] - Object: 'Object Repository/Page_Enter verification code - Acco/Submit code button -3' is clicked on

2018-08-27 11:04:03 - [TEST_STEP][PASSED] - click: Object: 'Object Repository/Page_Welcome Greeshma Johnson - Acc/span_Payroll Relief' is clicked on

2018-08-27 11:04:07 - [MESSAGE][PASSED] - Object: 'Object Repository/Page_Welcome Greeshma Johnson - Acc/span_Payroll Relief' is clicked on

2018-08-27 11:04:07 - [TEST_STEP][PASSED] - click: Object: 'Object Repository/Page_Select Client - Payroll Relief/PR_Enter client code or name' is clicked on

2018-08-27 11:04:09 - [MESSAGE][PASSED] - Object: 'Object Repository/Page_Select Client - Payroll Relief/PR_Enter client code or name' is clicked on

2018-08-27 11:04:09 - [TEST_STEP][FAILED] - click: Unable to click on object 'Object Repository/Page_Select Client - Payroll Relief/div_QATesting QATesting  - 100' (Root cause: com.kms.katalon.core.webui.exception.WebElementNotFoundException: Web element with id: 'Object Repository/Page_Select Client - Payroll Relief/div_QATesting QATesting  - 100' located by 'By.xpath: //div[@id = 'select2-result-label-9' and (text() = 'QATesting [QATesting]  - 10/02/2018' or . = 'QATesting [QATesting]  - 10/02/2018')]' not found)

2018-08-27 11:04:27 - [MESSAGE][FAILED] - Unable to click on object 'Object Repository/Page_Select Client - Payroll Relief/div_QATesting QATesting  - 100' (Root cause: com.kms.katalon.core.webui.exception.WebElementNotFoundException: Web element with id: 'Object Repository/Page_Select Client - Payroll Relief/div_QATesting QATesting  - 100' located by 'By.xpath: //div[@id = 'select2-result-label-9' and (text() = 'QATesting [QATesting]  - 10/02/2018' or . = 'QATesting [QATesting]  - 10/02/2018')]' not found)
[[ATTACHMENT|C:\\Users\\greeshmaj.MVS_NT\\Katalon Studio\\2FactorLogin\\Reports\\August Demo\\20180827_110310\\1535382267278.png]]]]></system-out>
         <system-err><![CDATA[2018-08-27 11:03:58 - [TEST_CASE][FAILED] - Test Cases/Run Payroll: Test Cases/Run Payroll FAILED because (of) Unable to click on object 'Object Repository/Page_Select Client - Payroll Relief/div_QATesting QATesting  - 100' (Root cause: com.kms.katalon.core.webui.exception.WebElementNotFoundException: Web element with id: 'Object Repository/Page_Select Client - Payroll Relief/div_QATesting QATesting  - 100' located by 'By.xpath: //div[@id = 'select2-result-label-9' and (text() = 'QATesting [QATesting]  - 10/02/2018' or . = 'QATesting [QATesting]  - 10/02/2018')]' not found)]]></system-err>
      </testcase>
      <system-out><![CDATA[2018-08-27 11:03:12 - [TEST_SUITE][FAILED] - August Demo: Test Cases/EveryPage in PR FAILED because (of) Unable to click on object 'Object Repository/Page_Select Client - Payroll Relief/div_QATesting QATesting  - 100' (Root cause: com.kms.katalon.core.webui.exception.WebElementNotFoundException: Web element with id: 'Object Repository/Page_Select Client - Payroll Relief/div_QATesting QATesting  - 100' located by 'By.xpath: //div[@id = 'select2-result-label-9' and (text() = 'QATesting [QATesting]  - 10/02/2018' or . = 'QATesting [QATesting]  - 10/02/2018')]' not found)]]></system-out>
      <system-err><![CDATA[2018-08-27 11:03:12 - [TEST_SUITE][FAILED] - August Demo: Test Cases/EveryPage in PR FAILED because (of) Unable to click on object 'Object Repository/Page_Select Client - Payroll Relief/div_QATesting QATesting  - 100' (Root cause: com.kms.katalon.core.webui.exception.WebElementNotFoundException: Web element with id: 'Object Repository/Page_Select Client - Payroll Relief/div_QATesting QATesting  - 100' located by 'By.xpath: //div[@id = 'select2-result-label-9' and (text() = 'QATesting [QATesting]  - 10/02/2018' or . = 'QATesting [QATesting]  - 10/02/2018')]' not found)]]></system-err>
   </testsuite>
</testsuites>
