<?xml version="1.0" encoding="UTF-8"?>
<testsuites name="August Demo" time="140" tests="3" failures="0" errors="0">
   <testsuite name="August Demo" tests="3" failures="0" errors="0" time="140" timestamp="2018-08-27 12:06:47" hostname="greeshmaj - AW168.HQ.MVSINC.COM" id="Test Suites/August Demo">
      <properties>
         <property name="deviceName" value=""/>
         <property name="devicePlatform" value=""/>
         <property name="logFolder" value="C:\\Users\\greeshmaj.MVS_NT\\Katalon Studio\\2FactorLogin\\Reports\\August Demo\\20180827_120646"/>
         <property name="logFiles" value="C:\\Users\\greeshmaj.MVS_NT\\Katalon Studio\\2FactorLogin\\Reports\\August Demo\\20180827_120646\\execution0.log"/>
         <property name="attachments" value=""/>
         <property name="hostName" value="greeshmaj - AW168.HQ.MVSINC.COM"/>
         <property name="os" value="Windows 10 64bit"/>
         <property name="katalonVersion" value="5.6.1.1"/>
         <property name="browser" value="Chrome 68.0.3440.106"/>
         <property name="hostAddress" value="10.0.1.65"/>
         <property name="sessionId" value="3ddfc3a7419474f230cc9d776f4885c2"/>
         <property name="seleniumVersion" value="3.7.1"/>
         <property name="proxyInformation" value="ProxyInformation{proxyOption=NO_PROXY, proxyServerType=HTTP, password=, proxyServerAddress=, proxyServerPort=0}"/>
         <property name="platform" value="Windows 10"/>
      </properties>
      <testcase name="Test Cases/All Pages in PR" classname="Test Cases/All Pages in PR" status="PASSED">
         <system-out><![CDATA[2018-08-27 12:06:48 - [TEST_CASE][PASSED] - Test Cases/All Pages in PR: Test Cases/All Pages in PR

2018-08-27 12:06:49 - [TEST_STEP][PASSED] - openBrowser: Browser is opened with url: ''

2018-08-27 12:06:52 - [MESSAGE][PASSED] - Browser is opened with url: ''

2018-08-27 12:06:52 - [TEST_STEP][PASSED] - navigateToUrl: Navigate to 'https://qa-login.accountantsoffice.com/login?firmCode=aworldqa' successfully

2018-08-27 12:06:53 - [MESSAGE][PASSED] - Navigate to 'https://qa-login.accountantsoffice.com/login?firmCode=aworldqa' successfully

2018-08-27 12:06:53 - [TEST_STEP][PASSED] - setText: Text 'greeshmaj' is set on object 'Object Repository/Page_Log in - AccountantsOffice/input_UserName'

2018-08-27 12:06:53 - [MESSAGE][PASSED] - Text 'greeshmaj' is set on object 'Object Repository/Page_Log in - AccountantsOffice/input_UserName'

2018-08-27 12:06:53 - [TEST_STEP][PASSED] - setEncryptedText: Text ****** has been set on object 'Object Repository/Page_Log in - AccountantsOffice/input_Password'

2018-08-27 12:06:53 - [MESSAGE][PASSED] - Text ****** has been set on object 'Object Repository/Page_Log in - AccountantsOffice/input_Password'

2018-08-27 12:06:53 - [TEST_STEP][PASSED] - click: Object: 'Object Repository/Page_Enter verification code - Acco/Submit code button -3' is clicked on

2018-08-27 12:06:54 - [MESSAGE][PASSED] - Object: 'Object Repository/Page_Enter verification code - Acco/Submit code button -3' is clicked on

2018-08-27 12:06:54 - [TEST_STEP][PASSED] - click: Object: 'Object Repository/Page_Welcome Greeshma Johnson - Acc/span_Payroll Relief' is clicked on

2018-08-27 12:06:55 - [MESSAGE][PASSED] - Object: 'Object Repository/Page_Welcome Greeshma Johnson - Acc/span_Payroll Relief' is clicked on

2018-08-27 12:06:55 - [TEST_STEP][PASSED] - click: Object: 'Object Repository/Page_Select Client - Payroll Relief/PR_Enter client code or name' is clicked on

2018-08-27 12:06:57 - [MESSAGE][PASSED] - Object: 'Object Repository/Page_Select Client - Payroll Relief/PR_Enter client code or name' is clicked on

2018-08-27 12:06:57 - [TEST_STEP][PASSED] - click: Object: 'Object Repository/Page_Select Client - Payroll Relief/div_QATesting QATesting  - 100' is clicked on

2018-08-27 12:06:57 - [MESSAGE][PASSED] - Object: 'Object Repository/Page_Select Client - Payroll Relief/div_QATesting QATesting  - 100' is clicked on

2018-08-27 12:06:57 - [TEST_STEP][PASSED] - delay: Delayed 5 second(s)

2018-08-27 12:07:02 - [MESSAGE][PASSED] - Delayed 5 second(s)

2018-08-27 12:07:02 - [TEST_STEP][PASSED] - navigateToUrl: Navigate to 'https://qa-app.payrollrelief.com/Employer/Contact' successfully

2018-08-27 12:07:03 - [MESSAGE][PASSED] - Navigate to 'https://qa-app.payrollrelief.com/Employer/Contact' successfully

2018-08-27 12:07:03 - [TEST_STEP][PASSED] - navigateToUrl: Navigate to 'https://qa-app.payrollrelief.com/Employer/TaxInfo' successfully

2018-08-27 12:07:03 - [MESSAGE][PASSED] - Navigate to 'https://qa-app.payrollrelief.com/Employer/TaxInfo' successfully

2018-08-27 12:07:03 - [TEST_STEP][PASSED] - navigateToUrl: Navigate to 'https://qa-app.payrollrelief.com/Employer/PayTypes' successfully

2018-08-27 12:07:04 - [MESSAGE][PASSED] - Navigate to 'https://qa-app.payrollrelief.com/Employer/PayTypes' successfully

2018-08-27 12:07:04 - [TEST_STEP][PASSED] - navigateToUrl: Navigate to 'https://qa-app.payrollrelief.com/Employer/Deductions' successfully

2018-08-27 12:07:04 - [MESSAGE][PASSED] - Navigate to 'https://qa-app.payrollrelief.com/Employer/Deductions' successfully

2018-08-27 12:07:04 - [TEST_STEP][PASSED] - navigateToUrl: Navigate to 'https://qa-app.payrollrelief.com/Employer/Preferences' successfully

2018-08-27 12:07:07 - [MESSAGE][PASSED] - Navigate to 'https://qa-app.payrollrelief.com/Employer/Preferences' successfully

2018-08-27 12:07:07 - [TEST_STEP][PASSED] - navigateToUrl: Navigate to 'https://qa-app.payrollrelief.com/Employer/Accounts' successfully

2018-08-27 12:07:08 - [MESSAGE][PASSED] - Navigate to 'https://qa-app.payrollrelief.com/Employer/Accounts' successfully

2018-08-27 12:07:08 - [TEST_STEP][PASSED] - navigateToUrl: Navigate to 'https://qa-app.payrollrelief.com/EmployerDepartment/Department' successfully

2018-08-27 12:07:08 - [MESSAGE][PASSED] - Navigate to 'https://qa-app.payrollrelief.com/EmployerDepartment/Department' successfully

2018-08-27 12:07:08 - [TEST_STEP][PASSED] - navigateToUrl: Navigate to 'https://qa-app.payrollrelief.com/EmployerJob' successfully

2018-08-27 12:07:09 - [MESSAGE][PASSED] - Navigate to 'https://qa-app.payrollrelief.com/EmployerJob' successfully

2018-08-27 12:07:09 - [TEST_STEP][PASSED] - navigateToUrl: Navigate to 'https://qa-app.payrollrelief.com/Employer/PTODefaults' successfully

2018-08-27 12:07:09 - [MESSAGE][PASSED] - Navigate to 'https://qa-app.payrollrelief.com/Employer/PTODefaults' successfully

2018-08-27 12:07:09 - [TEST_STEP][PASSED] - navigateToUrl: Navigate to 'https://qa-app.payrollrelief.com/Employer/Permissions' successfully

2018-08-27 12:07:09 - [MESSAGE][PASSED] - Navigate to 'https://qa-app.payrollrelief.com/Employer/Permissions' successfully

2018-08-27 12:07:09 - [TEST_STEP][PASSED] - navigateToUrl: Navigate to 'https://qa-app.payrollrelief.com/Employer/EmployerSetupList' successfully

2018-08-27 12:07:10 - [MESSAGE][PASSED] - Navigate to 'https://qa-app.payrollrelief.com/Employer/EmployerSetupList' successfully

2018-08-27 12:07:10 - [TEST_STEP][PASSED] - delay: Delayed 2 second(s)

2018-08-27 12:07:12 - [MESSAGE][PASSED] - Delayed 2 second(s)

2018-08-27 12:07:12 - [TEST_STEP][PASSED] - navigateToUrl: Navigate to 'https://qa-app.payrollrelief.com/Employee' successfully

2018-08-27 12:07:12 - [MESSAGE][PASSED] - Navigate to 'https://qa-app.payrollrelief.com/Employee' successfully

2018-08-27 12:07:12 - [TEST_STEP][PASSED] - navigateToUrl: Navigate to 'https://qa-app.payrollrelief.com/Employee/List' successfully

2018-08-27 12:07:15 - [MESSAGE][PASSED] - Navigate to 'https://qa-app.payrollrelief.com/Employee/List' successfully

2018-08-27 12:07:15 - [TEST_STEP][PASSED] - navigateToUrl: Navigate to 'https://qa-app.payrollrelief.com/Employee/Import' successfully

2018-08-27 12:07:16 - [MESSAGE][PASSED] - Navigate to 'https://qa-app.payrollrelief.com/Employee/Import' successfully

2018-08-27 12:07:16 - [TEST_STEP][PASSED] - navigateToUrl: Navigate to 'https://qa-app.payrollrelief.com/Employee/Warnings' successfully

2018-08-27 12:07:16 - [MESSAGE][PASSED] - Navigate to 'https://qa-app.payrollrelief.com/Employee/Warnings' successfully

2018-08-27 12:07:16 - [TEST_STEP][PASSED] - delay: Delayed 2 second(s)

2018-08-27 12:07:18 - [MESSAGE][PASSED] - Delayed 2 second(s)

2018-08-27 12:07:18 - [TEST_STEP][PASSED] - navigateToUrl: Navigate to 'https://qa-app.payrollrelief.com/EServices/BankInfo' successfully

2018-08-27 12:07:19 - [MESSAGE][PASSED] - Navigate to 'https://qa-app.payrollrelief.com/EServices/BankInfo' successfully

2018-08-27 12:07:19 - [TEST_STEP][PASSED] - navigateToUrl: Navigate to 'https://qa-app.payrollrelief.com/EServices/Form8655' successfully

2018-08-27 12:07:20 - [MESSAGE][PASSED] - Navigate to 'https://qa-app.payrollrelief.com/EServices/Form8655' successfully

2018-08-27 12:07:20 - [TEST_STEP][PASSED] - navigateToUrl: Navigate to 'https://qa-app.payrollrelief.com/EServices/Taxes' successfully

2018-08-27 12:07:20 - [MESSAGE][PASSED] - Navigate to 'https://qa-app.payrollrelief.com/EServices/Taxes' successfully

2018-08-27 12:07:20 - [TEST_STEP][PASSED] - navigateToUrl: Navigate to 'https://qa-app.payrollrelief.com/EServices/Preferences' successfully

2018-08-27 12:07:24 - [MESSAGE][PASSED] - Navigate to 'https://qa-app.payrollrelief.com/EServices/Preferences' successfully

2018-08-27 12:07:24 - [TEST_STEP][PASSED] - navigateToUrl: Navigate to 'https://qa-app.payrollrelief.com/EServices/ACHTransactions' successfully

2018-08-27 12:07:25 - [MESSAGE][PASSED] - Navigate to 'https://qa-app.payrollrelief.com/EServices/ACHTransactions' successfully

2018-08-27 12:07:25 - [TEST_STEP][PASSED] - navigateToUrl: Navigate to 'https://qa-app.payrollrelief.com/EServices/ACHDirectFile' successfully

2018-08-27 12:07:27 - [MESSAGE][PASSED] - Navigate to 'https://qa-app.payrollrelief.com/EServices/ACHDirectFile' successfully

2018-08-27 12:07:27 - [TEST_STEP][PASSED] - navigateToUrl: Navigate to 'https://qa-app.payrollrelief.com/EServices/Recall' successfully

2018-08-27 12:07:28 - [MESSAGE][PASSED] - Navigate to 'https://qa-app.payrollrelief.com/EServices/Recall' successfully

2018-08-27 12:07:28 - [TEST_STEP][PASSED] - delay: Delayed 2 second(s)

2018-08-27 12:07:30 - [MESSAGE][PASSED] - Delayed 2 second(s)

2018-08-27 12:07:30 - [TEST_STEP][PASSED] - navigateToUrl: Navigate to 'https://qa-app.payrollrelief.com/Payroll/ListEntry' successfully

2018-08-27 12:07:31 - [MESSAGE][PASSED] - Navigate to 'https://qa-app.payrollrelief.com/Payroll/ListEntry' successfully

2018-08-27 12:07:31 - [TEST_STEP][PASSED] - navigateToUrl: Navigate to 'https://qa-app.payrollrelief.com/Payroll/Summary' successfully

2018-08-27 12:07:32 - [MESSAGE][PASSED] - Navigate to 'https://qa-app.payrollrelief.com/Payroll/Summary' successfully

2018-08-27 12:07:32 - [TEST_STEP][PASSED] - navigateToUrl: Navigate to 'https://qa-app.payrollrelief.com/Payroll/PrintChecks' successfully

2018-08-27 12:07:32 - [MESSAGE][PASSED] - Navigate to 'https://qa-app.payrollrelief.com/Payroll/PrintChecks' successfully

2018-08-27 12:07:32 - [TEST_STEP][PASSED] - navigateToUrl: Navigate to 'https://qa-app.payrollrelief.com/Payroll/Allocation' successfully

2018-08-27 12:07:33 - [MESSAGE][PASSED] - Navigate to 'https://qa-app.payrollrelief.com/Payroll/Allocation' successfully

2018-08-27 12:07:33 - [TEST_STEP][PASSED] - navigateToUrl: Navigate to 'https://qa-app.payrollrelief.com/PayrollRegister/Register' successfully

2018-08-27 12:07:34 - [MESSAGE][PASSED] - Navigate to 'https://qa-app.payrollrelief.com/PayrollRegister/Register' successfully

2018-08-27 12:07:34 - [TEST_STEP][PASSED] - navigateToUrl: Navigate to 'https://qa-app.payrollrelief.com/Payroll/EmployeePaychecks' successfully

2018-08-27 12:07:34 - [MESSAGE][PASSED] - Navigate to 'https://qa-app.payrollrelief.com/Payroll/EmployeePaychecks' successfully

2018-08-27 12:07:34 - [TEST_STEP][PASSED] - delay: Delayed 2 second(s)

2018-08-27 12:07:36 - [MESSAGE][PASSED] - Delayed 2 second(s)

2018-08-27 12:07:36 - [TEST_STEP][PASSED] - navigateToUrl: Navigate to 'https://qa-app.payrollrelief.com/Compliance/PendingPayments' successfully

2018-08-27 12:07:37 - [MESSAGE][PASSED] - Navigate to 'https://qa-app.payrollrelief.com/Compliance/PendingPayments' successfully

2018-08-27 12:07:37 - [TEST_STEP][PASSED] - navigateToUrl: Navigate to 'https://qa-app.payrollrelief.com/Compliance/TaxForms' successfully

2018-08-27 12:07:38 - [MESSAGE][PASSED] - Navigate to 'https://qa-app.payrollrelief.com/Compliance/TaxForms' successfully

2018-08-27 12:07:38 - [TEST_STEP][PASSED] - navigateToUrl: Navigate to 'https://qa-app.payrollrelief.com/Compliance/W2Forms' successfully

2018-08-27 12:07:39 - [MESSAGE][PASSED] - Navigate to 'https://qa-app.payrollrelief.com/Compliance/W2Forms' successfully

2018-08-27 12:07:39 - [TEST_STEP][PASSED] - navigateToUrl: Navigate to 'https://qa-app.payrollrelief.com/Compliance/Form1099s' successfully

2018-08-27 12:07:40 - [MESSAGE][PASSED] - Navigate to 'https://qa-app.payrollrelief.com/Compliance/Form1099s' successfully

2018-08-27 12:07:40 - [TEST_STEP][PASSED] - navigateToUrl: Navigate to 'https://qa-app.payrollrelief.com/Compliance/WageAdjustments' successfully

2018-08-27 12:07:40 - [MESSAGE][PASSED] - Navigate to 'https://qa-app.payrollrelief.com/Compliance/WageAdjustments' successfully

2018-08-27 12:07:40 - [TEST_STEP][PASSED] - navigateToUrl: Navigate to 'https://qa-app.payrollrelief.com/Compliance/ComplianceOptions' successfully

2018-08-27 12:07:41 - [MESSAGE][PASSED] - Navigate to 'https://qa-app.payrollrelief.com/Compliance/ComplianceOptions' successfully

2018-08-27 12:07:41 - [TEST_STEP][PASSED] - navigateToUrl: Navigate to 'https://qa-app.payrollrelief.com/ComplianceACA/ACAEmployer?year=0' successfully

2018-08-27 12:07:42 - [MESSAGE][PASSED] - Navigate to 'https://qa-app.payrollrelief.com/ComplianceACA/ACAEmployer?year=0' successfully

2018-08-27 12:07:42 - [TEST_STEP][PASSED] - delay: Delayed 2 second(s)

2018-08-27 12:07:44 - [MESSAGE][PASSED] - Delayed 2 second(s)

2018-08-27 12:07:44 - [TEST_STEP][PASSED] - navigateToUrl: Navigate to 'https://qa-app.payrollrelief.com/Report/PayrollRegister' successfully

2018-08-27 12:07:46 - [MESSAGE][PASSED] - Navigate to 'https://qa-app.payrollrelief.com/Report/PayrollRegister' successfully

2018-08-27 12:07:46 - [TEST_STEP][PASSED] - navigateToUrl: Navigate to 'https://qa-app.payrollrelief.com/Report/TaxLiabilitiesAndPayments' successfully

2018-08-27 12:07:47 - [MESSAGE][PASSED] - Navigate to 'https://qa-app.payrollrelief.com/Report/TaxLiabilitiesAndPayments' successfully

2018-08-27 12:07:47 - [TEST_STEP][PASSED] - navigateToUrl: Navigate to 'https://qa-app.payrollrelief.com/Report/PayrollHistory' successfully

2018-08-27 12:07:50 - [MESSAGE][PASSED] - Navigate to 'https://qa-app.payrollrelief.com/Report/PayrollHistory' successfully

2018-08-27 12:07:50 - [TEST_STEP][PASSED] - navigateToUrl: Navigate to 'https://qa-app.payrollrelief.com/Report/EmployeeList' successfully

2018-08-27 12:07:50 - [MESSAGE][PASSED] - Navigate to 'https://qa-app.payrollrelief.com/Report/EmployeeList' successfully

2018-08-27 12:07:50 - [TEST_STEP][PASSED] - navigateToUrl: Navigate to 'https://qa-app.payrollrelief.com/Report/PayrollSet?reportSetNumber=0' successfully

2018-08-27 12:07:51 - [MESSAGE][PASSED] - Navigate to 'https://qa-app.payrollrelief.com/Report/PayrollSet?reportSetNumber=0' successfully

2018-08-27 12:07:51 - [TEST_STEP][PASSED] - delay: Delayed 2 second(s)

2018-08-27 12:07:53 - [MESSAGE][PASSED] - Delayed 2 second(s)

2018-08-27 12:07:53 - [TEST_STEP][PASSED] - navigateToUrl: Navigate to 'https://qa-app.payrollrelief.com/Integration/SmartLink' successfully

2018-08-27 12:07:53 - [MESSAGE][PASSED] - Navigate to 'https://qa-app.payrollrelief.com/Integration/SmartLink' successfully

2018-08-27 12:07:53 - [TEST_STEP][PASSED] - navigateToUrl: Navigate to 'https://qa-app.payrollrelief.com/Integration/ExportGLtoQBOnline' successfully

2018-08-27 12:07:55 - [MESSAGE][PASSED] - Navigate to 'https://qa-app.payrollrelief.com/Integration/ExportGLtoQBOnline' successfully

2018-08-27 12:07:55 - [TEST_STEP][PASSED] - navigateToUrl: Navigate to 'https://qa-app.payrollrelief.com/Integration/ExportPayrollData' successfully

2018-08-27 12:07:55 - [MESSAGE][PASSED] - Navigate to 'https://qa-app.payrollrelief.com/Integration/ExportPayrollData' successfully

2018-08-27 12:07:55 - [TEST_STEP][PASSED] - navigateToUrl: Navigate to 'https://qa-app.payrollrelief.com/Integration/SwipeClock' successfully

2018-08-27 12:07:56 - [MESSAGE][PASSED] - Navigate to 'https://qa-app.payrollrelief.com/Integration/SwipeClock' successfully

2018-08-27 12:07:56 - [TEST_STEP][PASSED] - delay: Delayed 2 second(s)

2018-08-27 12:07:58 - [MESSAGE][PASSED] - Delayed 2 second(s)

2018-08-27 12:07:58 - [TEST_STEP][PASSED] - navigateToUrl: Navigate to 'https://qa-app.payrollrelief.com/Resources/TrainingVideos' successfully

2018-08-27 12:07:59 - [MESSAGE][PASSED] - Navigate to 'https://qa-app.payrollrelief.com/Resources/TrainingVideos' successfully

2018-08-27 12:07:59 - [TEST_STEP][PASSED] - navigateToUrl: Navigate to 'https://qa-app.payrollrelief.com/Resources/SupportDocs' successfully

2018-08-27 12:07:59 - [MESSAGE][PASSED] - Navigate to 'https://qa-app.payrollrelief.com/Resources/SupportDocs' successfully

2018-08-27 12:07:59 - [TEST_STEP][PASSED] - navigateToUrl: Navigate to 'https://qa-app.payrollrelief.com/EmploymentForms' successfully

2018-08-27 12:08:00 - [MESSAGE][PASSED] - Navigate to 'https://qa-app.payrollrelief.com/EmploymentForms' successfully

2018-08-27 12:08:00 - [TEST_STEP][PASSED] - navigateToUrl: Navigate to 'https://qa-app.payrollrelief.com/Resources/FormsandPubs' successfully

2018-08-27 12:08:01 - [MESSAGE][PASSED] - Navigate to 'https://qa-app.payrollrelief.com/Resources/FormsandPubs' successfully

2018-08-27 12:08:01 - [TEST_STEP][PASSED] - navigateToUrl: Navigate to 'https://qa-app.payrollrelief.com/Resources/Links' successfully

2018-08-27 12:08:01 - [MESSAGE][PASSED] - Navigate to 'https://qa-app.payrollrelief.com/Resources/Links' successfully

2018-08-27 12:08:01 - [TEST_STEP][PASSED] - navigateToUrl: Navigate to 'https://qa-app.payrollrelief.com/Resources/Tools' successfully

2018-08-27 12:08:02 - [MESSAGE][PASSED] - Navigate to 'https://qa-app.payrollrelief.com/Resources/Tools' successfully

2018-08-27 12:08:02 - [TEST_STEP][PASSED] - navigateToUrl: Navigate to 'https://qa-app.payrollrelief.com/Resources/Webinars' successfully

2018-08-27 12:08:02 - [MESSAGE][PASSED] - Navigate to 'https://qa-app.payrollrelief.com/Resources/Webinars' successfully

2018-08-27 12:08:02 - [TEST_STEP][PASSED] - navigateToUrl: Navigate to 'https://qa-app.payrollrelief.com/Resources/Marketing' successfully

2018-08-27 12:08:03 - [MESSAGE][PASSED] - Navigate to 'https://qa-app.payrollrelief.com/Resources/Marketing' successfully

2018-08-27 12:08:03 - [TEST_STEP][PASSED] - navigateToUrl: Navigate to 'https://qa-app.payrollrelief.com/Resources/FormsandPubs?samplereports=1' successfully

2018-08-27 12:08:04 - [MESSAGE][PASSED] - Navigate to 'https://qa-app.payrollrelief.com/Resources/FormsandPubs?samplereports=1' successfully

2018-08-27 12:08:04 - [TEST_STEP][PASSED] - delay: Delayed 2 second(s)

2018-08-27 12:08:06 - [MESSAGE][PASSED] - Delayed 2 second(s)

2018-08-27 12:08:06 - [TEST_STEP][PASSED] - navigateToUrl: Navigate to 'https://qa-app.payrollrelief.com/Firm/PayrollCenter' successfully

2018-08-27 12:08:06 - [MESSAGE][PASSED] - Navigate to 'https://qa-app.payrollrelief.com/Firm/PayrollCenter' successfully

2018-08-27 12:08:06 - [TEST_STEP][PASSED] - navigateToUrl: Navigate to 'https://qa-app.payrollrelief.com/PayrollActivity/TodaysPayroll?finalized=True' successfully

2018-08-27 12:08:07 - [MESSAGE][PASSED] - Navigate to 'https://qa-app.payrollrelief.com/PayrollActivity/TodaysPayroll?finalized=True' successfully

2018-08-27 12:08:07 - [TEST_STEP][PASSED] - navigateToUrl: Navigate to 'https://qa-app.payrollrelief.com/ManageCompliance/Exceptions?clientId=-1' successfully

2018-08-27 12:08:07 - [MESSAGE][PASSED] - Navigate to 'https://qa-app.payrollrelief.com/ManageCompliance/Exceptions?clientId=-1' successfully

2018-08-27 12:08:07 - [TEST_STEP][PASSED] - navigateToUrl: Navigate to 'https://qa-app.payrollrelief.com/ACHApplication/GetACHApplicationDetails' successfully

2018-08-27 12:08:08 - [MESSAGE][PASSED] - Navigate to 'https://qa-app.payrollrelief.com/ACHApplication/GetACHApplicationDetails' successfully

2018-08-27 12:08:08 - [TEST_STEP][PASSED] - navigateToUrl: Navigate to 'https://qa-app.payrollrelief.com/Firm/Manage8655' successfully

2018-08-27 12:08:08 - [MESSAGE][PASSED] - Navigate to 'https://qa-app.payrollrelief.com/Firm/Manage8655' successfully

2018-08-27 12:08:08 - [TEST_STEP][PASSED] - navigateToUrl: Navigate to 'https://qa-app.payrollrelief.com/TaskManager/GetTaskDetails' successfully

2018-08-27 12:08:09 - [MESSAGE][PASSED] - Navigate to 'https://qa-app.payrollrelief.com/TaskManager/GetTaskDetails' successfully

2018-08-27 12:08:09 - [TEST_STEP][PASSED] - delay: Delayed 2 second(s)

2018-08-27 12:08:11 - [MESSAGE][PASSED] - Delayed 2 second(s)

2018-08-27 12:08:11 - [TEST_STEP][PASSED] - navigateToUrl: Navigate to 'https://qa-app.payrollrelief.com/Firm/ClientManagement' successfully

2018-08-27 12:08:11 - [MESSAGE][PASSED] - Navigate to 'https://qa-app.payrollrelief.com/Firm/ClientManagement' successfully

2018-08-27 12:08:11 - [TEST_STEP][PASSED] - navigateToUrl: Navigate to 'https://qa-app.payrollrelief.com/Firm/FirmOptions' successfully

2018-08-27 12:08:12 - [MESSAGE][PASSED] - Navigate to 'https://qa-app.payrollrelief.com/Firm/FirmOptions' successfully

2018-08-27 12:08:12 - [TEST_STEP][PASSED] - navigateToUrl: Navigate to 'https://qa-app.payrollrelief.com/EmailsSent/GetEmailsSent' successfully

2018-08-27 12:08:12 - [MESSAGE][PASSED] - Navigate to 'https://qa-app.payrollrelief.com/EmailsSent/GetEmailsSent' successfully

2018-08-27 12:08:12 - [TEST_STEP][PASSED] - navigateToUrl: Navigate to 'https://qa-app.payrollrelief.com/Firm/Announcements' successfully

2018-08-27 12:08:12 - [MESSAGE][PASSED] - Navigate to 'https://qa-app.payrollrelief.com/Firm/Announcements' successfully

2018-08-27 12:08:12 - [TEST_STEP][PASSED] - navigateToUrl: Navigate to 'https://qa-app.payrollrelief.com/Firm/Announcements' successfully

2018-08-27 12:08:13 - [MESSAGE][PASSED] - Navigate to 'https://qa-app.payrollrelief.com/Firm/Announcements' successfully

2018-08-27 12:08:13 - [TEST_STEP][PASSED] - navigateToUrl: Navigate to 'https://qa-app.payrollrelief.com/Firm/ClientCharges' successfully

2018-08-27 12:08:13 - [MESSAGE][PASSED] - Navigate to 'https://qa-app.payrollrelief.com/Firm/ClientCharges' successfully

2018-08-27 12:08:13 - [TEST_STEP][PASSED] - navigateToUrl: Navigate to 'https://qa-app.payrollrelief.com/Batch/Emailing' successfully

2018-08-27 12:08:14 - [MESSAGE][PASSED] - Navigate to 'https://qa-app.payrollrelief.com/Batch/Emailing' successfully

2018-08-27 12:08:14 - [TEST_STEP][PASSED] - delay: Delayed 2 second(s)

2018-08-27 12:08:16 - [MESSAGE][PASSED] - Delayed 2 second(s)

2018-08-27 12:08:16 - [TEST_STEP][PASSED] - navigateToUrl: Navigate to 'https://qa-app.payrollrelief.com/Batch/Processing' successfully

2018-08-27 12:08:16 - [MESSAGE][PASSED] - Navigate to 'https://qa-app.payrollrelief.com/Batch/Processing' successfully

2018-08-27 12:08:16 - [TEST_STEP][PASSED] - navigateToUrl: Navigate to 'https://qa-app.payrollrelief.com/Batch/ApprovePayrolls' successfully

2018-08-27 12:08:17 - [MESSAGE][PASSED] - Navigate to 'https://qa-app.payrollrelief.com/Batch/ApprovePayrolls' successfully

2018-08-27 12:08:17 - [TEST_STEP][PASSED] - navigateToUrl: Navigate to 'https://qa-app.payrollrelief.com/Batch/Printing' successfully

2018-08-27 12:08:17 - [MESSAGE][PASSED] - Navigate to 'https://qa-app.payrollrelief.com/Batch/Printing' successfully

2018-08-27 12:08:17 - [TEST_STEP][PASSED] - navigateToUrl: Navigate to 'https://qa-app.payrollrelief.com/Batch/ArchiveForms' successfully

2018-08-27 12:08:18 - [MESSAGE][PASSED] - Navigate to 'https://qa-app.payrollrelief.com/Batch/ArchiveForms' successfully

2018-08-27 12:08:18 - [TEST_STEP][PASSED] - navigateToUrl: Navigate to 'https://qa-app.payrollrelief.com/Batch/ProcessW2s' successfully

2018-08-27 12:08:18 - [MESSAGE][PASSED] - Navigate to 'https://qa-app.payrollrelief.com/Batch/ProcessW2s' successfully

2018-08-27 12:08:18 - [TEST_STEP][PASSED] - delay: Delayed 2 second(s)

2018-08-27 12:08:20 - [MESSAGE][PASSED] - Delayed 2 second(s)

2018-08-27 12:08:20 - [TEST_STEP][PASSED] - click: Object: 'Object Repository/Page_Notes - Payroll Relief/Help Icon' is clicked on

2018-08-27 12:08:26 - [MESSAGE][PASSED] - Object: 'Object Repository/Page_Notes - Payroll Relief/Help Icon' is clicked on

2018-08-27 12:08:26 - [TEST_STEP][PASSED] - click: Object: 'Object Repository/Page_Notes - Payroll Relief/Notes Icon' is clicked on

2018-08-27 12:08:31 - [MESSAGE][PASSED] - Object: 'Object Repository/Page_Notes - Payroll Relief/Notes Icon' is clicked on

2018-08-27 12:08:31 - [TEST_STEP][PASSED] - click: Object: 'Object Repository/Page_Notes - Payroll Relief/Support Icon' is clicked on

2018-08-27 12:08:36 - [MESSAGE][PASSED] - Object: 'Object Repository/Page_Notes - Payroll Relief/Support Icon' is clicked on

2018-08-27 12:08:36 - [TEST_STEP][PASSED] - closeBrowser: Browser is closed

2018-08-27 12:08:37 - [MESSAGE][PASSED] - Browser is closed]]></system-out>
         <system-err><![CDATA[]]></system-err>
      </testcase>
      <testcase name="Test Cases/Run Payroll" classname="Test Cases/Run Payroll" status="PASSED">
         <system-out><![CDATA[2018-08-27 12:08:39 - [TEST_CASE][PASSED] - Test Cases/Run Payroll: Test Cases/Run Payroll

2018-08-27 12:08:40 - [TEST_STEP][PASSED] - openBrowser: Browser is opened with url: ''

2018-08-27 12:08:42 - [MESSAGE][PASSED] - Browser is opened with url: ''

2018-08-27 12:08:42 - [TEST_STEP][PASSED] - navigateToUrl: Navigate to 'https://qa-login.accountantsoffice.com/login?firmCode=aworldqa' successfully

2018-08-27 12:08:42 - [MESSAGE][PASSED] - Navigate to 'https://qa-login.accountantsoffice.com/login?firmCode=aworldqa' successfully

2018-08-27 12:08:42 - [TEST_STEP][PASSED] - setText: Text 'greeshmaj' is set on object 'Object Repository/Page_Log in - AccountantsOffice/input_UserName'

2018-08-27 12:08:43 - [MESSAGE][PASSED] - Text 'greeshmaj' is set on object 'Object Repository/Page_Log in - AccountantsOffice/input_UserName'

2018-08-27 12:08:43 - [TEST_STEP][PASSED] - setEncryptedText: Text ****** has been set on object 'Object Repository/Page_Log in - AccountantsOffice/input_Password'

2018-08-27 12:08:43 - [MESSAGE][PASSED] - Text ****** has been set on object 'Object Repository/Page_Log in - AccountantsOffice/input_Password'

2018-08-27 12:08:43 - [TEST_STEP][PASSED] - click: Object: 'Object Repository/Page_Enter verification code - Acco/Submit code button -3' is clicked on

2018-08-27 12:08:44 - [MESSAGE][PASSED] - Object: 'Object Repository/Page_Enter verification code - Acco/Submit code button -3' is clicked on

2018-08-27 12:08:44 - [TEST_STEP][PASSED] - click: Object: 'Object Repository/Page_Welcome Greeshma Johnson - Acc/span_Payroll Relief' is clicked on

2018-08-27 12:08:44 - [MESSAGE][PASSED] - Object: 'Object Repository/Page_Welcome Greeshma Johnson - Acc/span_Payroll Relief' is clicked on

2018-08-27 12:08:44 - [TEST_STEP][PASSED] - click: Object: 'Object Repository/Page_Select Client - Payroll Relief/PR_Enter client code or name' is clicked on

2018-08-27 12:08:46 - [MESSAGE][PASSED] - Object: 'Object Repository/Page_Select Client - Payroll Relief/PR_Enter client code or name' is clicked on

2018-08-27 12:08:46 - [TEST_STEP][PASSED] - click: Object: 'Object Repository/Page_Select Client - Payroll Relief/div_QATesting QATesting  - 100' is clicked on

2018-08-27 12:08:46 - [MESSAGE][PASSED] - Object: 'Object Repository/Page_Select Client - Payroll Relief/div_QATesting QATesting  - 100' is clicked on

2018-08-27 12:08:46 - [TEST_STEP][PASSED] - delay: Delayed 5 second(s)

2018-08-27 12:08:51 - [MESSAGE][PASSED] - Delayed 5 second(s)

2018-08-27 12:08:51 - [TEST_STEP][PASSED] - navigateToUrl: Navigate to 'https://qa-app.payrollrelief.com/Payroll/ListEntry' successfully

2018-08-27 12:08:52 - [MESSAGE][PASSED] - Navigate to 'https://qa-app.payrollrelief.com/Payroll/ListEntry' successfully

2018-08-27 12:08:52 - [TEST_STEP][PASSED] - click: Object: 'Object Repository/Page_Payroll Entry - Payroll Relief/button_Calculate' is clicked on

2018-08-27 12:08:52 - [MESSAGE][PASSED] - Object: 'Object Repository/Page_Payroll Entry - Payroll Relief/button_Calculate' is clicked on

2018-08-27 12:08:52 - [TEST_STEP][PASSED] - click: Object: 'Object Repository/Page_Payroll Summary - Payroll Reli/button_Approve' is clicked on

2018-08-27 12:08:56 - [MESSAGE][PASSED] - Object: 'Object Repository/Page_Payroll Summary - Payroll Reli/button_Approve' is clicked on

2018-08-27 12:08:56 - [TEST_STEP][PASSED] - click: Object: 'Object Repository/Page_Print Checks - Payroll Relief/button_Archive' is clicked on

2018-08-27 12:08:58 - [MESSAGE][PASSED] - Object: 'Object Repository/Page_Print Checks - Payroll Relief/button_Archive' is clicked on

2018-08-27 12:08:58 - [TEST_STEP][PASSED] - click: Object: 'Object Repository/Page_Print Checks - Payroll Relief/button_Yes' is clicked on

2018-08-27 12:08:58 - [MESSAGE][PASSED] - Object: 'Object Repository/Page_Print Checks - Payroll Relief/button_Yes' is clicked on]]></system-out>
         <system-err><![CDATA[]]></system-err>
      </testcase>
      <testcase name="Test Cases/Loging into QA" classname="Test Cases/Loging into QA" status="PASSED">
         <system-out><![CDATA[2018-08-27 12:09:00 - [TEST_CASE][PASSED] - Test Cases/Loging into QA: Test Cases/Loging into QA

2018-08-27 12:09:01 - [TEST_STEP][PASSED] - openBrowser: Browser is opened with url: ''

2018-08-27 12:09:01 - [MESSAGE][WARNING] - A browser is already opened. Closing browser and opening a new one

2018-08-27 12:09:04 - [MESSAGE][PASSED] - Browser is opened with url: ''

2018-08-27 12:09:04 - [TEST_STEP][PASSED] - navigateToUrl: Navigate to 'https://qa-login.accountantsoffice.com/login?firmCode=aworldqa' successfully

2018-08-27 12:09:04 - [MESSAGE][PASSED] - Navigate to 'https://qa-login.accountantsoffice.com/login?firmCode=aworldqa' successfully

2018-08-27 12:09:04 - [TEST_STEP][PASSED] - setText: Text 'greeshmaj' is set on object 'Object Repository/Page_Log in - AccountantsOffice/input_UserName'

2018-08-27 12:09:04 - [MESSAGE][PASSED] - Text 'greeshmaj' is set on object 'Object Repository/Page_Log in - AccountantsOffice/input_UserName'

2018-08-27 12:09:04 - [TEST_STEP][PASSED] - setEncryptedText: Text ****** has been set on object 'Object Repository/Page_Log in - AccountantsOffice/input_Password'

2018-08-27 12:09:04 - [MESSAGE][PASSED] - Text ****** has been set on object 'Object Repository/Page_Log in - AccountantsOffice/input_Password'

2018-08-27 12:09:04 - [TEST_STEP][PASSED] - click: Object: 'Object Repository/Page_Enter verification code - Acco/Submit code button -3' is clicked on

2018-08-27 12:09:05 - [MESSAGE][PASSED] - Object: 'Object Repository/Page_Enter verification code - Acco/Submit code button -3' is clicked on

2018-08-27 12:09:05 - [TEST_STEP][PASSED] - closeBrowser: Browser is closed

2018-08-27 12:09:06 - [MESSAGE][PASSED] - Browser is closed]]></system-out>
         <system-err><![CDATA[]]></system-err>
      </testcase>
      <system-out><![CDATA[2018-08-27 12:06:47 - [TEST_SUITE][PASSED] - August Demo: Test Cases/Loging into QA]]></system-out>
      <system-err><![CDATA[]]></system-err>
   </testsuite>
</testsuites>
